Compilación iniciada a las 29/12/2010 15:04:30.
     1>Proyecto "D:\Proyectos\MandraCanon\MandraCannon\MandraCannon\MandraCannon.vcxproj" en el nodo 2 (build destinos).
     1>InitializeBuildStatus:
         Se creará "Debug\MandraCannon.unsuccessfulbuild" porque se especificó "AlwaysCreate".
       ClCompile:
         Todas las salidas están actualizadas.
         Todas las salidas están actualizadas.
         Todas las salidas están actualizadas.
       ManifestResourceCompile:
         Todas las salidas están actualizadas.
       Link:
         Todas las salidas están actualizadas.
       Manifest:
         Todas las salidas están actualizadas.
       FinalizeBuildStatus:
         Se eliminará el archivo "Debug\MandraCannon.unsuccessfulbuild".
         Aplicando tarea Touch a "Debug\MandraCannon.lastbuildstate".
     1>Compilación del proyecto terminada "D:\Proyectos\MandraCanon\MandraCannon\MandraCannon\MandraCannon.vcxproj" (build destinos).

Compilación correcta.

Tiempo transcurrido 00:00:00.16
