Compilación iniciada a las 11/12/2010 11:14:31.
     1>Proyecto "C:\Users\Cinta\Desktop\Proyectos VC\estesi\estesi.vcxproj" en el nodo 2 (build destinos).
     1>InitializeBuildStatus:
         Aplicando tarea Touch a ".\Debug\estesi.unsuccessfulbuild".
       ClCompile:
         Todas las salidas están actualizadas.
       ManifestResourceCompile:
         C:\Program Files\Microsoft SDKs\Windows\v7.0A\bin\rc.exe /nologo /fo".\Debug\estesi.exe.embed.manifest.res" .\Debug\estesi_manifest.rc 
       Link:
         C:\Program Files\Microsoft Visual Studio 10.0\VC\bin\link.exe /ERRORREPORT:PROMPT /OUT:".\Debug/estesi.exe" /INCREMENTAL /NOLOGO /LIBPATH:"C:\SDL-1.2.14\lib" odbc32.lib odbccp32.lib sdlmain.lib sdl.lib kernel32.lib user32.lib gdi32.lib winspool.lib comdlg32.lib advapi32.lib shell32.lib ole32.lib oleaut32.lib uuid.lib odbc32.lib odbccp32.lib /MANIFEST /ManifestFile:".\Debug\estesi.exe.intermediate.manifest" /MANIFESTUAC:"level='asInvoker' uiAccess='false'" /DEBUG /PDB:".\Debug/estesi.pdb" /SUBSYSTEM:WINDOWS /TLBID:1 /DYNAMICBASE:NO /IMPLIB:".\Debug\estesi.lib" /MACHINE:X86 .\Debug\estesi.exe.embed.manifest.res
         .\Debug/siiip.obj
       Manifest:
         C:\Program Files\Microsoft SDKs\Windows\v7.0A\bin\mt.exe /nologo /verbose /out:".\Debug\estesi.exe.embed.manifest" /manifest .\Debug\estesi.exe.intermediate.manifest
         C:\Program Files\Microsoft SDKs\Windows\v7.0A\bin\rc.exe /nologo /fo".\Debug\estesi.exe.embed.manifest.res" .\Debug\estesi_manifest.rc 
       LinkEmbedManifest:
         C:\Program Files\Microsoft Visual Studio 10.0\VC\bin\link.exe /ERRORREPORT:PROMPT /OUT:".\Debug/estesi.exe" /INCREMENTAL /NOLOGO /LIBPATH:"C:\SDL-1.2.14\lib" odbc32.lib odbccp32.lib sdlmain.lib sdl.lib kernel32.lib user32.lib gdi32.lib winspool.lib comdlg32.lib advapi32.lib shell32.lib ole32.lib oleaut32.lib uuid.lib odbc32.lib odbccp32.lib /MANIFEST /ManifestFile:".\Debug\estesi.exe.intermediate.manifest" /MANIFESTUAC:"level='asInvoker' uiAccess='false'" /DEBUG /PDB:".\Debug/estesi.pdb" /SUBSYSTEM:WINDOWS /TLBID:1 /DYNAMICBASE:NO /IMPLIB:".\Debug\estesi.lib" /MACHINE:X86 .\Debug\estesi.exe.embed.manifest.res
         .\Debug/siiip.obj
         estesi.vcxproj -> C:\Users\Cinta\Desktop\Proyectos VC\estesi\.\Debug\estesi.exe
       FinalizeBuildStatus:
         Se eliminará el archivo ".\Debug\estesi.unsuccessfulbuild".
         Aplicando tarea Touch a ".\Debug\estesi.lastbuildstate".
     1>Compilación del proyecto terminada "C:\Users\Cinta\Desktop\Proyectos VC\estesi\estesi.vcxproj" (build destinos).

Compilación correcta.

Tiempo transcurrido 00:00:00.57
